{"data":{"headers":{"auth-token":null}},"level":"info","message":"Data received","timestamp":"2025-01-27T15:00:07.886Z"}
{"data":{"feedback":"","prolific_Code":"3265","q1":"65","q10":"","q2":"option1","q3":"option1","q4":"option1","q5":"option1","q6":"62","q7":"option1","q8":"option1","q9":""},"level":"info","message":"Data received","timestamp":"2025-01-27T15:00:32.741Z"}
{"data":{"headers":{"auth-token":null}},"level":"info","message":"Data received","timestamp":"2025-01-27T15:00:32.906Z"}
{"data":{"password":"","pool":"5","profilePicture":"Grauer Orca.webp","username":"Grauer Orca","username_second":"Grüner Koala"},"level":"info","message":"Data received","timestamp":"2025-01-27T15:00:37.496Z"}
{"data":{"headers":{"auth-token":"eyJhbGciOiJIUzI1NiIsInR5cCI6IkpXVCJ9.eyJfaWQiOiI2Nzk3OWY5NTMyMDc3OWRkZTlkZGFhNTYiLCJpYXQiOjE3Mzc5OTAwMzd9.UrYqhhZmHXBtBRA-f9BD7xq9Fk2Fmm5L6E3ogNHYGnk"},"userId":"67979f95320779dde9ddaa56","version":"5"},"level":"info","message":"Data received","timestamp":"2025-01-27T15:00:37.624Z"}
{"data":{},"level":"info","message":"Data received","timestamp":"2025-01-27T15:00:37.675Z"}
{"data":{},"level":"info","message":"Data received","timestamp":"2025-01-27T15:00:37.677Z"}
{"data":{},"level":"info","message":"Data received","timestamp":"2025-01-27T15:00:37.740Z"}
{"data":{},"level":"info","message":"Data received","timestamp":"2025-01-27T15:00:37.742Z"}
{"data":{},"level":"info","message":"Data received","timestamp":"2025-01-27T15:00:37.748Z"}
{"data":{},"level":"info","message":"Data received","timestamp":"2025-01-27T15:00:37.776Z"}
{"data":{},"level":"info","message":"Data received","timestamp":"2025-01-27T15:00:37.781Z"}
{"data":{},"level":"info","message":"Data received","timestamp":"2025-01-27T15:00:47.727Z"}
{"data":{},"level":"info","message":"Data received","timestamp":"2025-01-27T15:00:57.734Z"}
{"data":{},"level":"info","message":"Data received","timestamp":"2025-01-27T15:00:57.758Z"}
{"data":{},"level":"info","message":"Data received","timestamp":"2025-01-27T15:01:07.734Z"}
{"data":{},"level":"info","message":"Data received","timestamp":"2025-01-27T15:01:07.756Z"}
{"data":{},"level":"info","message":"Data received","timestamp":"2025-01-27T15:01:17.700Z"}
{"data":{},"level":"info","message":"Data received","timestamp":"2025-01-27T15:01:17.717Z"}
{"data":{},"level":"info","message":"Data received","timestamp":"2025-01-27T15:01:27.754Z"}
{"data":{},"level":"info","message":"Data received","timestamp":"2025-01-27T15:01:37.747Z"}
{"data":{},"level":"info","message":"Data received","timestamp":"2025-01-27T15:01:47.895Z"}
{"data":{},"level":"info","message":"Data received","timestamp":"2025-01-27T15:01:57.732Z"}
{"data":{},"level":"info","message":"Data received","timestamp":"2025-01-27T15:02:07.766Z"}
{"data":{},"level":"info","message":"Data received","timestamp":"2025-01-27T15:02:17.795Z"}
{"data":{},"level":"info","message":"Data received","timestamp":"2025-01-27T15:02:27.764Z"}
{"data":{},"level":"info","message":"Data received","timestamp":"2025-01-27T15:02:37.794Z"}
{"data":{},"level":"info","message":"Data received","timestamp":"2025-01-27T15:02:47.830Z"}
{"data":{},"level":"info","message":"Data received","timestamp":"2025-01-27T15:02:57.809Z"}
{"data":{},"level":"info","message":"Data received","timestamp":"2025-01-27T15:03:07.831Z"}
{"data":{},"level":"info","message":"Data received","timestamp":"2025-01-27T15:03:17.840Z"}
{"data":{},"level":"info","message":"Data received","timestamp":"2025-01-27T15:03:27.831Z"}
{"data":{},"level":"info","message":"Data received","timestamp":"2025-01-27T15:03:37.869Z"}
{"data":{},"level":"info","message":"Data received","timestamp":"2025-01-27T15:03:47.866Z"}
{"data":{},"level":"info","message":"Data received","timestamp":"2025-01-27T15:03:57.865Z"}
{"data":{},"level":"info","message":"Data received","timestamp":"2025-01-27T15:04:07.853Z"}
{"data":{},"level":"info","message":"Data received","timestamp":"2025-01-27T15:04:17.886Z"}
{"data":{},"level":"info","message":"Data received","timestamp":"2025-01-27T15:04:27.864Z"}
{"data":{},"level":"info","message":"Data received","timestamp":"2025-01-27T15:04:37.886Z"}
{"data":{},"level":"info","message":"Data received","timestamp":"2025-01-27T15:04:47.888Z"}
{"data":{},"level":"info","message":"Data received","timestamp":"2025-01-27T15:04:57.921Z"}
{"data":{},"level":"info","message":"Data received","timestamp":"2025-01-27T15:05:07.887Z"}
{"data":{},"level":"info","message":"Data received","timestamp":"2025-01-27T15:05:17.896Z"}
{"data":{},"level":"info","message":"Data received","timestamp":"2025-01-27T15:05:27.918Z"}
{"data":{},"level":"info","message":"Data received","timestamp":"2025-01-27T15:05:37.920Z"}
{"data":{},"level":"info","message":"Data received","timestamp":"2025-01-27T15:05:47.909Z"}
{"data":{},"level":"info","message":"Data received","timestamp":"2025-01-27T15:05:57.914Z"}
{"data":{},"level":"info","message":"Data received","timestamp":"2025-01-27T15:06:07.920Z"}
{"data":{},"level":"info","message":"Data received","timestamp":"2025-01-27T15:06:18.108Z"}
{"data":{},"level":"info","message":"Data received","timestamp":"2025-01-27T15:06:27.957Z"}
{"data":{},"level":"info","message":"Data received","timestamp":"2025-01-27T15:06:37.971Z"}
{"data":{},"level":"info","message":"Data received","timestamp":"2025-01-27T15:06:47.992Z"}
{"data":{},"level":"info","message":"Data received","timestamp":"2025-01-27T15:06:58.018Z"}
{"data":{},"level":"info","message":"Data received","timestamp":"2025-01-27T15:07:08.048Z"}
{"data":{},"level":"info","message":"Data received","timestamp":"2025-01-27T15:07:18.007Z"}
{"data":{},"level":"info","message":"Data received","timestamp":"2025-01-27T15:07:28.012Z"}
{"data":{},"level":"info","message":"Data received","timestamp":"2025-01-27T15:07:38.006Z"}
{"data":{},"level":"info","message":"Data received","timestamp":"2025-01-27T15:07:48.021Z"}
{"data":{},"level":"info","message":"Data received","timestamp":"2025-01-27T15:07:58.024Z"}
{"data":{},"level":"info","message":"Data received","timestamp":"2025-01-27T15:08:08.052Z"}
{"data":{},"level":"info","message":"Data received","timestamp":"2025-01-27T15:08:18.036Z"}
{"data":{},"level":"info","message":"Data received","timestamp":"2025-01-27T15:08:28.074Z"}
{"data":{},"level":"info","message":"Data received","timestamp":"2025-01-27T15:08:38.083Z"}
{"data":{},"level":"info","message":"Data received","timestamp":"2025-01-27T15:08:48.066Z"}
{"data":{},"level":"info","message":"Data received","timestamp":"2025-01-27T15:08:58.090Z"}
{"data":{},"level":"info","message":"Data received","timestamp":"2025-01-27T15:09:08.096Z"}
{"data":{},"level":"info","message":"Data received","timestamp":"2025-01-27T15:09:18.106Z"}
{"data":{},"level":"info","message":"Data received","timestamp":"2025-01-27T15:09:28.142Z"}
{"data":{},"level":"info","message":"Data received","timestamp":"2025-01-27T15:09:38.180Z"}
{"data":{},"level":"info","message":"Data received","timestamp":"2025-01-27T15:09:48.172Z"}
{"data":{},"level":"info","message":"Data received","timestamp":"2025-01-27T15:09:58.176Z"}
{"data":{},"level":"info","message":"Data received","timestamp":"2025-01-27T15:10:08.184Z"}
{"data":{},"level":"info","message":"Data received","timestamp":"2025-01-27T15:10:18.181Z"}
{"data":{},"level":"info","message":"Data received","timestamp":"2025-01-27T15:10:28.161Z"}
{"data":{},"level":"info","message":"Data received","timestamp":"2025-01-27T15:10:38.165Z"}
{"data":{},"level":"info","message":"Data received","timestamp":"2025-01-27T15:10:48.179Z"}
{"data":{},"level":"info","message":"Data received","timestamp":"2025-01-27T15:10:58.181Z"}
{"data":{},"level":"info","message":"Data received","timestamp":"2025-01-27T15:11:08.213Z"}
{"data":{},"level":"info","message":"Data received","timestamp":"2025-01-27T15:11:18.210Z"}
{"data":{},"level":"info","message":"Data received","timestamp":"2025-01-27T15:11:28.228Z"}
{"data":{},"level":"info","message":"Data received","timestamp":"2025-01-27T15:11:38.205Z"}
{"data":{},"level":"info","message":"Data received","timestamp":"2025-01-27T15:12:27.625Z"}
{"data":{},"level":"info","message":"Data received","timestamp":"2025-01-27T15:12:27.634Z"}
{"data":{},"level":"info","message":"Data received","timestamp":"2025-01-27T15:12:27.768Z"}
{"data":{},"level":"info","message":"Data received","timestamp":"2025-01-27T15:12:27.804Z"}
{"data":{},"level":"info","message":"Data received","timestamp":"2025-01-27T15:12:27.806Z"}
{"data":{},"level":"info","message":"Data received","timestamp":"2025-01-27T15:12:27.814Z"}
{"data":{},"level":"info","message":"Data received","timestamp":"2025-01-27T15:12:27.818Z"}
{"data":{},"level":"info","message":"Data received","timestamp":"2025-01-27T15:12:37.643Z"}
{"data":{},"level":"info","message":"Data received","timestamp":"2025-01-27T15:12:47.666Z"}
{"data":{},"level":"info","message":"Data received","timestamp":"2025-01-27T15:12:57.692Z"}
{"data":{},"level":"info","message":"Data received","timestamp":"2025-01-27T15:13:08.148Z"}
{"data":{},"level":"info","message":"Data received","timestamp":"2025-01-27T15:13:18.206Z"}
