{"data":{"headers":{"auth-token":"eyJhbGciOiJIUzI1NiIsInR5cCI6IkpXVCJ9.eyJfaWQiOiI2Nzg1MTYxMTQ4NThmZjJlNDk1YzYwYjUiLCJpYXQiOjE3MzY3NzUxODV9.XhNjWRCp8tAnXHvhs-MqQC3o0skXhN4g4Q6RLwpCHdk"}},"level":"info","message":"Data received","timestamp":"2025-01-21T11:21:05.424Z"}
{"data":{"feedback":"","prolific_Code":"9856232","q1":"56","q10":"","q2":"option2","q3":"option4","q4":"option1","q5":"option2","q6":"95","q7":"option1","q8":"option1","q9":""},"level":"info","message":"Data received","timestamp":"2025-01-21T11:21:33.877Z"}
{"data":{"headers":{"auth-token":"eyJhbGciOiJIUzI1NiIsInR5cCI6IkpXVCJ9.eyJfaWQiOiI2Nzg1MTYxMTQ4NThmZjJlNDk1YzYwYjUiLCJpYXQiOjE3MzY3NzUxODV9.XhNjWRCp8tAnXHvhs-MqQC3o0skXhN4g4Q6RLwpCHdk"}},"level":"info","message":"Data received","timestamp":"2025-01-21T11:21:34.099Z"}
{"data":{"password":"","pool":"1","profilePicture":"Schwarzer Igel.webp","username":"Schwarzer Igel","username_second":"Kadettenblauer Wolf"},"level":"info","message":"Data received","timestamp":"2025-01-21T11:21:36.836Z"}
{"data":{"headers":{"auth-token":"eyJhbGciOiJIUzI1NiIsInR5cCI6IkpXVCJ9.eyJfaWQiOiI2NzhmODM0MGQxODJiYjk4NzI1MzBlZWUiLCJpYXQiOjE3Mzc0NTg0OTZ9.uH88GRBgQUxTJnjFpMW1eVDReIBdXBXuSo2FwoNWXyI"},"userId":"678f8340d182bb9872530eee","version":"1"},"level":"info","message":"Data received","timestamp":"2025-01-21T11:21:36.945Z"}
{"data":{},"level":"info","message":"Data received","timestamp":"2025-01-21T11:21:37.135Z"}
{"data":{},"level":"info","message":"Data received","timestamp":"2025-01-21T11:21:37.137Z"}
{"data":{},"level":"info","message":"Data received","timestamp":"2025-01-21T11:21:37.228Z"}
{"data":{},"level":"info","message":"Data received","timestamp":"2025-01-21T11:21:37.299Z"}
{"data":{},"level":"info","message":"Data received","timestamp":"2025-01-21T11:21:37.382Z"}
{"data":{},"level":"info","message":"Data received","timestamp":"2025-01-21T11:21:37.437Z"}
{"data":{},"level":"info","message":"Data received","timestamp":"2025-01-21T11:21:37.473Z"}
{"data":{},"level":"info","message":"Data received","timestamp":"2025-01-21T11:21:47.148Z"}
{"data":{},"level":"info","message":"Data received","timestamp":"2025-01-21T11:21:57.605Z"}
{"data":{},"level":"info","message":"Data received","timestamp":"2025-01-21T11:22:07.122Z"}
{"data":{},"level":"info","message":"Data received","timestamp":"2025-01-21T11:22:17.626Z"}
{"data":{},"level":"info","message":"Data received","timestamp":"2025-01-21T11:22:27.103Z"}
{"data":{},"level":"info","message":"Data received","timestamp":"2025-01-21T11:22:37.615Z"}
{"data":{},"level":"info","message":"Data received","timestamp":"2025-01-21T11:22:47.604Z"}
{"data":{},"level":"info","message":"Data received","timestamp":"2025-01-21T11:22:57.608Z"}
{"data":{},"level":"info","message":"Data received","timestamp":"2025-01-21T11:23:07.605Z"}
{"data":{},"level":"info","message":"Data received","timestamp":"2025-01-21T11:23:17.647Z"}
{"data":{},"level":"info","message":"Data received","timestamp":"2025-01-21T11:23:27.613Z"}
{"data":{},"level":"info","message":"Data received","timestamp":"2025-01-21T11:24:31.615Z"}
{"data":{},"level":"info","message":"Data received","timestamp":"2025-01-21T11:25:31.612Z"}
{"data":{},"level":"info","message":"Data received","timestamp":"2025-01-21T11:26:31.622Z"}
{"data":{},"level":"info","message":"Data received","timestamp":"2025-01-21T11:27:33.020Z"}
{"data":{},"level":"info","message":"Data received","timestamp":"2025-01-21T11:28:31.638Z"}
{"data":{},"level":"info","message":"Data received","timestamp":"2025-01-21T11:29:31.609Z"}
{"data":{},"level":"info","message":"Data received","timestamp":"2025-01-21T11:30:31.659Z"}
{"data":{},"level":"info","message":"Data received","timestamp":"2025-01-21T11:31:31.627Z"}
{"data":{},"level":"info","message":"Data received","timestamp":"2025-01-21T11:32:31.619Z"}
{"data":{},"level":"info","message":"Data received","timestamp":"2025-01-21T11:33:31.620Z"}
